<?xml version="1.0" encoding="UTF-8"?>
<testng-results ignored="0" total="1" passed="1" failed="0" skipped="0">
  <reporter-output>
  </reporter-output>
  <suite started-at="2021-08-28T09:08:34 IST" name="Default suite" finished-at="2021-08-28T09:08:38 IST" duration-ms="3896">
    <groups>
    </groups>
    <test started-at="2021-08-28T09:08:34 IST" name="Default test" finished-at="2021-08-28T09:08:38 IST" duration-ms="3896">
      <class name="third_post_api">
        <test-method signature="getapiresponse()[pri:0, instance:third_post_api@57d7f8ca]" started-at="2021-08-28T09:08:34 IST" name="getapiresponse" finished-at="2021-08-28T09:08:38 IST" duration-ms="3811" status="PASS">
          <reporter-output>
          </reporter-output>
        </test-method> <!-- getapiresponse -->
      </class> <!-- third_post_api -->
    </test> <!-- Default test -->
  </suite> <!-- Default suite -->
</testng-results>
